src/components/quiz/__tests__/QuizQuestion.test.tsx(5,1): error TS2304: Cannot find name 'jest'.
src/components/quiz/__tests__/QuizQuestion.test.tsx(7,1): error TS2582: Cannot find name 'describe'. Do you need to install type definitions for a test runner? Try `npm i --save-dev @types/jest` or `npm i --save-dev @types/mocha`.
src/components/quiz/__tests__/QuizQuestion.test.tsx(24,19): error TS2304: Cannot find name 'jest'.
src/components/quiz/__tests__/QuizQuestion.test.tsx(25,19): error TS2304: Cannot find name 'jest'.
src/components/quiz/__tests__/QuizQuestion.test.tsx(35,3): error TS2304: Cannot find name 'beforeEach'.
src/components/quiz/__tests__/QuizQuestion.test.tsx(36,5): error TS2304: Cannot find name 'jest'.
src/components/quiz/__tests__/QuizQuestion.test.tsx(37,33): error TS2503: Cannot find namespace 'jest'.
src/components/quiz/__tests__/QuizQuestion.test.tsx(38,38): error TS2304: Cannot find name 'jest'.
src/components/quiz/__tests__/QuizQuestion.test.tsx(41,3): error TS2582: Cannot find name 'test'. Do you need to install type definitions for a test runner? Try `npm i --save-dev @types/jest` or `npm i --save-dev @types/mocha`.
src/components/quiz/__tests__/QuizQuestion.test.tsx(43,5): error TS2304: Cannot find name 'expect'.
src/components/quiz/__tests__/QuizQuestion.test.tsx(46,3): error TS2582: Cannot find name 'test'. Do you need to install type definitions for a test runner? Try `npm i --save-dev @types/jest` or `npm i --save-dev @types/mocha`.
src/components/quiz/__tests__/QuizQuestion.test.tsx(48,5): error TS2304: Cannot find name 'expect'.
src/components/quiz/__tests__/QuizQuestion.test.tsx(51,3): error TS2582: Cannot find name 'test'. Do you need to install type definitions for a test runner? Try `npm i --save-dev @types/jest` or `npm i --save-dev @types/mocha`.
src/components/quiz/__tests__/QuizQuestion.test.tsx(53,5): error TS2304: Cannot find name 'expect'.
src/components/quiz/__tests__/QuizQuestion.test.tsx(54,5): error TS2304: Cannot find name 'expect'.
src/components/quiz/__tests__/QuizQuestion.test.tsx(55,5): error TS2304: Cannot find name 'expect'.
src/components/quiz/__tests__/QuizQuestion.test.tsx(56,5): error TS2304: Cannot find name 'expect'.
src/components/quiz/__tests__/QuizQuestion.test.tsx(59,3): error TS2582: Cannot find name 'test'. Do you need to install type definitions for a test runner? Try `npm i --save-dev @types/jest` or `npm i --save-dev @types/mocha`.
src/components/quiz/__tests__/QuizQuestion.test.tsx(60,30): error TS2304: Cannot find name 'jest'.
src/components/quiz/__tests__/QuizQuestion.test.tsx(61,33): error TS2503: Cannot find namespace 'jest'.
src/components/quiz/__tests__/QuizQuestion.test.tsx(72,7): error TS2304: Cannot find name 'expect'.
src/components/quiz/__tests__/QuizQuestion.test.tsx(75,9): error TS2304: Cannot find name 'expect'.
src/components/quiz/__tests__/QuizQuestion.test.tsx(80,3): error TS2582: Cannot find name 'test'. Do you need to install type definitions for a test runner? Try `npm i --save-dev @types/jest` or `npm i --save-dev @types/mocha`.
src/components/quiz/__tests__/QuizQuestion.test.tsx(81,30): error TS2304: Cannot find name 'jest'.
src/components/quiz/__tests__/QuizQuestion.test.tsx(82,33): error TS2503: Cannot find namespace 'jest'.
src/components/quiz/__tests__/QuizQuestion.test.tsx(86,38): error TS2304: Cannot find name 'jest'.
src/components/quiz/__tests__/QuizQuestion.test.tsx(98,7): error TS2304: Cannot find name 'expect'.
src/components/quiz/__tests__/QuizQuestion.test.tsx(102,3): error TS2582: Cannot find name 'test'. Do you need to install type definitions for a test runner? Try `npm i --save-dev @types/jest` or `npm i --save-dev @types/mocha`.
src/components/quiz/__tests__/QuizQuestion.test.tsx(103,28): error TS2304: Cannot find name 'jest'.
src/components/quiz/__tests__/QuizQuestion.test.tsx(104,38): error TS2304: Cannot find name 'jest'.
src/components/quiz/__tests__/QuizQuestion.test.tsx(124,7): error TS2304: Cannot find name 'expect'.
src/components/quiz/__tests__/QuizQuestion.test.tsx(128,3): error TS2582: Cannot find name 'test'. Do you need to install type definitions for a test runner? Try `npm i --save-dev @types/jest` or `npm i --save-dev @types/mocha`.
src/components/quiz/__tests__/QuizQuestion.test.tsx(133,33): error TS2503: Cannot find namespace 'jest'.
src/components/quiz/__tests__/QuizQuestion.test.tsx(142,5): error TS2304: Cannot find name 'expect'.
src/components/quiz/__tests__/QuizQuestion.test.tsx(145,3): error TS2582: Cannot find name 'test'. Do you need to install type definitions for a test runner? Try `npm i --save-dev @types/jest` or `npm i --save-dev @types/mocha`.
src/components/quiz/__tests__/QuizQuestion.test.tsx(161,5): error TS2304: Cannot find name 'expect'.
src/hooks/__tests__/useQuizState.test.ts(5,16): error TS2304: Cannot find name 'jest'.
src/hooks/__tests__/useQuizState.test.ts(7,1): error TS2582: Cannot find name 'describe'. Do you need to install type definitions for a test runner? Try `npm i --save-dev @types/jest` or `npm i --save-dev @types/mocha`.
src/hooks/__tests__/useQuizState.test.ts(8,3): error TS2304: Cannot find name 'beforeEach'.
src/hooks/__tests__/useQuizState.test.ts(9,5): error TS2304: Cannot find name 'jest'.
src/hooks/__tests__/useQuizState.test.ts(11,22): error TS2503: Cannot find namespace 'jest'.
src/hooks/__tests__/useQuizState.test.ts(20,3): error TS2582: Cannot find name 'test'. Do you need to install type definitions for a test runner? Try `npm i --save-dev @types/jest` or `npm i --save-dev @types/mocha`.
src/hooks/__tests__/useQuizState.test.ts(23,5): error TS2304: Cannot find name 'expect'.
src/hooks/__tests__/useQuizState.test.ts(24,5): error TS2304: Cannot find name 'expect'.
src/hooks/__tests__/useQuizState.test.ts(25,5): error TS2304: Cannot find name 'expect'.
src/hooks/__tests__/useQuizState.test.ts(26,5): error TS2304: Cannot find name 'expect'.
src/hooks/__tests__/useQuizState.test.ts(27,5): error TS2304: Cannot find name 'expect'.
src/hooks/__tests__/useQuizState.test.ts(28,5): error TS2304: Cannot find name 'expect'.
src/hooks/__tests__/useQuizState.test.ts(31,3): error TS2582: Cannot find name 'test'. Do you need to install type definitions for a test runner? Try `npm i --save-dev @types/jest` or `npm i --save-dev @types/mocha`.
src/hooks/__tests__/useQuizState.test.ts(45,22): error TS2503: Cannot find namespace 'jest'.
src/hooks/__tests__/useQuizState.test.ts(56,5): error TS2304: Cannot find name 'expect'.
src/hooks/__tests__/useQuizState.test.ts(57,5): error TS2304: Cannot find name 'expect'.
src/hooks/__tests__/useQuizState.test.ts(58,5): error TS2304: Cannot find name 'expect'.
src/hooks/__tests__/useQuizState.test.ts(59,5): error TS2304: Cannot find name 'expect'.
src/hooks/__tests__/useQuizState.test.ts(63,5): error TS2304: Cannot find name 'expect'.
src/hooks/__tests__/useQuizState.test.ts(65,5): error TS2304: Cannot find name 'expect'.
src/hooks/__tests__/useQuizState.test.ts(66,5): error TS2304: Cannot find name 'expect'.
src/hooks/__tests__/useQuizState.test.ts(69,3): error TS2582: Cannot find name 'test'. Do you need to install type definitions for a test runner? Try `npm i --save-dev @types/jest` or `npm i --save-dev @types/mocha`.
src/hooks/__tests__/useQuizState.test.ts(70,22): error TS2503: Cannot find namespace 'jest'.
src/hooks/__tests__/useQuizState.test.ts(87,5): error TS2304: Cannot find name 'expect'.
src/hooks/__tests__/useQuizState.test.ts(88,5): error TS2304: Cannot find name 'expect'.
src/hooks/__tests__/useQuizState.test.ts(89,5): error TS2304: Cannot find name 'expect'.
src/hooks/__tests__/useQuizState.test.ts(92,3): error TS2582: Cannot find name 'test'. Do you need to install type definitions for a test runner? Try `npm i --save-dev @types/jest` or `npm i --save-dev @types/mocha`.
src/hooks/__tests__/useQuizState.test.ts(93,22): error TS2503: Cannot find namespace 'jest'.
src/hooks/__tests__/useQuizState.test.ts(105,5): error TS2304: Cannot find name 'expect'.
src/hooks/__tests__/useQuizState.test.ts(106,5): error TS2304: Cannot find name 'expect'.
src/hooks/__tests__/useQuizState.test.ts(106,12): error TS2532: Object is possibly 'undefined'.
src/hooks/__tests__/useQuizState.test.ts(107,5): error TS2304: Cannot find name 'expect'.
src/hooks/__tests__/useQuizState.test.ts(107,12): error TS2532: Object is possibly 'undefined'.
src/hooks/__tests__/useQuizState.test.ts(108,5): error TS2304: Cannot find name 'expect'.
src/hooks/__tests__/useQuizState.test.ts(108,12): error TS2532: Object is possibly 'undefined'.
src/hooks/__tests__/useQuizState.test.ts(111,3): error TS2582: Cannot find name 'test'. Do you need to install type definitions for a test runner? Try `npm i --save-dev @types/jest` or `npm i --save-dev @types/mocha`.
src/hooks/__tests__/useQuizState.test.ts(112,22): error TS2503: Cannot find namespace 'jest'.
src/hooks/__tests__/useQuizState.test.ts(124,5): error TS2304: Cannot find name 'expect'.
src/hooks/__tests__/useQuizState.test.ts(132,5): error TS2304: Cannot find name 'expect'.
src/hooks/__tests__/useQuizState.test.ts(133,5): error TS2304: Cannot find name 'expect'.
src/hooks/__tests__/useQuizState.test.ts(133,12): error TS2532: Object is possibly 'undefined'.
src/hooks/__tests__/useQuizState.test.ts(134,5): error TS2304: Cannot find name 'expect'.
src/hooks/__tests__/useQuizState.test.ts(134,12): error TS2532: Object is possibly 'undefined'.
src/hooks/__tests__/useQuizState.test.ts(137,3): error TS2582: Cannot find name 'test'. Do you need to install type definitions for a test runner? Try `npm i --save-dev @types/jest` or `npm i --save-dev @types/mocha`.
src/hooks/__tests__/useQuizState.test.ts(148,5): error TS2304: Cannot find name 'expect'.
src/hooks/__tests__/useQuizState.test.ts(154,5): error TS2304: Cannot find name 'expect'.
src/hooks/__tests__/useQuizState.test.ts(160,5): error TS2304: Cannot find name 'expect'.
src/hooks/__tests__/useQuizState.test.ts(163,3): error TS2582: Cannot find name 'test'. Do you need to install type definitions for a test runner? Try `npm i --save-dev @types/jest` or `npm i --save-dev @types/mocha`.
src/hooks/__tests__/useQuizState.test.ts(178,5): error TS2304: Cannot find name 'expect'.
src/hooks/__tests__/useQuizState.test.ts(181,3): error TS2582: Cannot find name 'test'. Do you need to install type definitions for a test runner? Try `npm i --save-dev @types/jest` or `npm i --save-dev @types/mocha`.
src/hooks/__tests__/useQuizState.test.ts(195,5): error TS2304: Cannot find name 'expect'.
src/hooks/__tests__/useQuizState.test.ts(198,3): error TS2582: Cannot find name 'test'. Do you need to install type definitions for a test runner? Try `npm i --save-dev @types/jest` or `npm i --save-dev @types/mocha`.
src/hooks/__tests__/useQuizState.test.ts(209,5): error TS2304: Cannot find name 'expect'.
src/hooks/__tests__/useQuizState.test.ts(212,3): error TS2582: Cannot find name 'test'. Do you need to install type definitions for a test runner? Try `npm i --save-dev @types/jest` or `npm i --save-dev @types/mocha`.
src/hooks/__tests__/useQuizState.test.ts(225,22): error TS2503: Cannot find namespace 'jest'.
src/hooks/__tests__/useQuizState.test.ts(237,5): error TS2304: Cannot find name 'expect'.
src/hooks/__tests__/useQuizState.test.ts(238,5): error TS2304: Cannot find name 'expect'.
src/hooks/__tests__/useQuizState.test.ts(243,3): error TS2582: Cannot find name 'test'. Do you need to install type definitions for a test runner? Try `npm i --save-dev @types/jest` or `npm i --save-dev @types/mocha`.
src/hooks/__tests__/useQuizState.test.ts(260,5): error TS2304: Cannot find name 'expect'.
src/hooks/__tests__/useQuizState.test.ts(261,5): error TS2304: Cannot find name 'expect'.
src/hooks/__tests__/useQuizState.test.ts(262,5): error TS2304: Cannot find name 'expect'.
src/hooks/__tests__/useQuizState.test.ts(263,5): error TS2304: Cannot find name 'expect'.
src/hooks/__tests__/useQuizState.test.ts(264,5): error TS2304: Cannot find name 'expect'.
src/lib/services/__tests__/quiz.service.test.ts(4,1): error TS2304: Cannot find name 'jest'.
src/lib/services/__tests__/quiz.service.test.ts(6,11): error TS2304: Cannot find name 'jest'.
src/lib/services/__tests__/quiz.service.test.ts(10,1): error TS2582: Cannot find name 'describe'. Do you need to install type definitions for a test runner? Try `npm i --save-dev @types/jest` or `npm i --save-dev @types/mocha`.
src/lib/services/__tests__/quiz.service.test.ts(11,3): error TS2304: Cannot find name 'beforeEach'.
src/lib/services/__tests__/quiz.service.test.ts(12,5): error TS2304: Cannot find name 'jest'.
src/lib/services/__tests__/quiz.service.test.ts(15,3): error TS2582: Cannot find name 'describe'. Do you need to install type definitions for a test runner? Try `npm i --save-dev @types/jest` or `npm i --save-dev @types/mocha`.
src/lib/services/__tests__/quiz.service.test.ts(16,5): error TS2582: Cannot find name 'test'. Do you need to install type definitions for a test runner? Try `npm i --save-dev @types/jest` or `npm i --save-dev @types/mocha`.
src/lib/services/__tests__/quiz.service.test.ts(49,25): error TS2503: Cannot find namespace 'jest'.
src/lib/services/__tests__/quiz.service.test.ts(49,55): error TS7030: Not all code paths return a value.
src/lib/services/__tests__/quiz.service.test.ts(52,21): error TS2304: Cannot find name 'jest'.
src/lib/services/__tests__/quiz.service.test.ts(53,19): error TS2304: Cannot find name 'jest'.
src/lib/services/__tests__/quiz.service.test.ts(54,21): error TS2304: Cannot find name 'jest'.
src/lib/services/__tests__/quiz.service.test.ts(55,27): error TS2304: Cannot find name 'jest'.
src/lib/services/__tests__/quiz.service.test.ts(63,21): error TS2304: Cannot find name 'jest'.
src/lib/services/__tests__/quiz.service.test.ts(64,19): error TS2304: Cannot find name 'jest'.
src/lib/services/__tests__/quiz.service.test.ts(65,24): error TS2304: Cannot find name 'jest'.
src/lib/services/__tests__/quiz.service.test.ts(74,7): error TS2304: Cannot find name 'expect'.
src/lib/services/__tests__/quiz.service.test.ts(75,7): error TS2304: Cannot find name 'expect'.
src/lib/services/__tests__/quiz.service.test.ts(76,7): error TS2304: Cannot find name 'expect'.
src/lib/services/__tests__/quiz.service.test.ts(77,7): error TS2304: Cannot find name 'expect'.
src/lib/services/__tests__/quiz.service.test.ts(77,14): error TS2532: Object is possibly 'undefined'.
src/lib/services/__tests__/quiz.service.test.ts(78,7): error TS2304: Cannot find name 'expect'.
src/lib/services/__tests__/quiz.service.test.ts(78,14): error TS2532: Object is possibly 'undefined'.
src/lib/services/__tests__/quiz.service.test.ts(81,5): error TS2582: Cannot find name 'test'. Do you need to install type definitions for a test runner? Try `npm i --save-dev @types/jest` or `npm i --save-dev @types/mocha`.
src/lib/services/__tests__/quiz.service.test.ts(82,25): error TS2503: Cannot find namespace 'jest'.
src/lib/services/__tests__/quiz.service.test.ts(83,17): error TS2304: Cannot find name 'jest'.
src/lib/services/__tests__/quiz.service.test.ts(84,15): error TS2304: Cannot find name 'jest'.
src/lib/services/__tests__/quiz.service.test.ts(85,17): error TS2304: Cannot find name 'jest'.
src/lib/services/__tests__/quiz.service.test.ts(86,23): error TS2304: Cannot find name 'jest'.
src/lib/services/__tests__/quiz.service.test.ts(94,7): error TS2304: Cannot find name 'expect'.
src/lib/services/__tests__/quiz.service.test.ts(97,5): error TS2582: Cannot find name 'test'. Do you need to install type definitions for a test runner? Try `npm i --save-dev @types/jest` or `npm i --save-dev @types/mocha`.
src/lib/services/__tests__/quiz.service.test.ts(98,25): error TS2503: Cannot find namespace 'jest'.
src/lib/services/__tests__/quiz.service.test.ts(99,17): error TS2304: Cannot find name 'jest'.
src/lib/services/__tests__/quiz.service.test.ts(100,15): error TS2304: Cannot find name 'jest'.
src/lib/services/__tests__/quiz.service.test.ts(101,17): error TS2304: Cannot find name 'jest'.
src/lib/services/__tests__/quiz.service.test.ts(102,23): error TS2304: Cannot find name 'jest'.
src/lib/services/__tests__/quiz.service.test.ts(110,7): error TS2304: Cannot find name 'expect'.
src/lib/services/__tests__/quiz.service.test.ts(114,3): error TS2582: Cannot find name 'describe'. Do you need to install type definitions for a test runner? Try `npm i --save-dev @types/jest` or `npm i --save-dev @types/mocha`.
src/lib/services/__tests__/quiz.service.test.ts(115,5): error TS2582: Cannot find name 'test'. Do you need to install type definitions for a test runner? Try `npm i --save-dev @types/jest` or `npm i --save-dev @types/mocha`.
src/lib/services/__tests__/quiz.service.test.ts(121,25): error TS2503: Cannot find namespace 'jest'.
src/lib/services/__tests__/quiz.service.test.ts(121,55): error TS7030: Not all code paths return a value.
src/lib/services/__tests__/quiz.service.test.ts(124,21): error TS2304: Cannot find name 'jest'.
src/lib/services/__tests__/quiz.service.test.ts(125,19): error TS2304: Cannot find name 'jest'.
src/lib/services/__tests__/quiz.service.test.ts(131,21): error TS2304: Cannot find name 'jest'.
src/lib/services/__tests__/quiz.service.test.ts(138,7): error TS2304: Cannot find name 'expect'.
src/lib/services/__tests__/quiz.service.test.ts(139,7): error TS2304: Cannot find name 'expect'.
src/lib/services/__tests__/quiz.service.test.ts(142,5): error TS2582: Cannot find name 'test'. Do you need to install type definitions for a test runner? Try `npm i --save-dev @types/jest` or `npm i --save-dev @types/mocha`.
src/lib/services/__tests__/quiz.service.test.ts(143,25): error TS2503: Cannot find namespace 'jest'.
src/lib/services/__tests__/quiz.service.test.ts(143,55): error TS7030: Not all code paths return a value.
src/lib/services/__tests__/quiz.service.test.ts(146,21): error TS2304: Cannot find name 'jest'.
src/lib/services/__tests__/quiz.service.test.ts(147,19): error TS2304: Cannot find name 'jest'.
src/lib/services/__tests__/quiz.service.test.ts(153,21): error TS2304: Cannot find name 'jest'.
src/lib/services/__tests__/quiz.service.test.ts(158,13): error TS2304: Cannot find name 'expect'.
src/lib/services/__tests__/quiz.service.test.ts(164,3): error TS2582: Cannot find name 'describe'. Do you need to install type definitions for a test runner? Try `npm i --save-dev @types/jest` or `npm i --save-dev @types/mocha`.
src/lib/services/__tests__/quiz.service.test.ts(165,5): error TS2582: Cannot find name 'test'. Do you need to install type definitions for a test runner? Try `npm i --save-dev @types/jest` or `npm i --save-dev @types/mocha`.
src/lib/services/__tests__/quiz.service.test.ts(181,25): error TS2503: Cannot find namespace 'jest'.
src/lib/services/__tests__/quiz.service.test.ts(182,17): error TS2304: Cannot find name 'jest'.
src/lib/services/__tests__/quiz.service.test.ts(183,15): error TS2304: Cannot find name 'jest'.
src/lib/services/__tests__/quiz.service.test.ts(189,7): error TS2304: Cannot find name 'expect'.
src/lib/services/__tests__/quiz.service.test.ts(190,7): error TS2304: Cannot find name 'expect'.
src/lib/services/__tests__/quiz.service.test.ts(190,14): error TS2532: Object is possibly 'undefined'.
src/lib/services/__tests__/quiz.service.test.ts(191,7): error TS2304: Cannot find name 'expect'.
src/lib/services/__tests__/quiz.service.test.ts(191,14): error TS2532: Object is possibly 'undefined'.
src/lib/services/__tests__/quiz.service.test.ts(192,7): error TS2304: Cannot find name 'expect'.
src/lib/services/__tests__/quiz.service.test.ts(192,14): error TS2532: Object is possibly 'undefined'.
src/lib/services/__tests__/quiz.service.test.ts(195,5): error TS2582: Cannot find name 'test'. Do you need to install type definitions for a test runner? Try `npm i --save-dev @types/jest` or `npm i --save-dev @types/mocha`.
src/lib/services/__tests__/quiz.service.test.ts(196,25): error TS2503: Cannot find namespace 'jest'.
src/lib/services/__tests__/quiz.service.test.ts(197,17): error TS2304: Cannot find name 'jest'.
src/lib/services/__tests__/quiz.service.test.ts(198,15): error TS2304: Cannot find name 'jest'.
src/lib/services/__tests__/quiz.service.test.ts(202,13): error TS2304: Cannot find name 'expect'.
src/lib/services/__tests__/result.service.test.ts(4,1): error TS2304: Cannot find name 'jest'.
src/lib/services/__tests__/result.service.test.ts(6,11): error TS2304: Cannot find name 'jest'.
src/lib/services/__tests__/result.service.test.ts(10,1): error TS2582: Cannot find name 'describe'. Do you need to install type definitions for a test runner? Try `npm i --save-dev @types/jest` or `npm i --save-dev @types/mocha`.
src/lib/services/__tests__/result.service.test.ts(11,3): error TS2304: Cannot find name 'beforeEach'.
src/lib/services/__tests__/result.service.test.ts(12,5): error TS2304: Cannot find name 'jest'.
src/lib/services/__tests__/result.service.test.ts(17,22): error TS2304: Cannot find name 'jest'.
src/lib/services/__tests__/result.service.test.ts(20,19): error TS2304: Cannot find name 'jest'.
src/lib/services/__tests__/result.service.test.ts(21,17): error TS2304: Cannot find name 'jest'.
src/lib/services/__tests__/result.service.test.ts(27,19): error TS2304: Cannot find name 'jest'.
src/lib/services/__tests__/result.service.test.ts(28,17): error TS2304: Cannot find name 'jest'.
src/lib/services/__tests__/result.service.test.ts(29,19): error TS2304: Cannot find name 'jest'.
src/lib/services/__tests__/result.service.test.ts(36,19): error TS2304: Cannot find name 'jest'.
src/lib/services/__tests__/result.service.test.ts(37,21): error TS2304: Cannot find name 'jest'.
src/lib/services/__tests__/result.service.test.ts(38,23): error TS2304: Cannot find name 'jest'.
src/lib/services/__tests__/result.service.test.ts(41,19): error TS2304: Cannot find name 'jest'.
src/lib/services/__tests__/result.service.test.ts(42,17): error TS2304: Cannot find name 'jest'.
src/lib/services/__tests__/result.service.test.ts(43,23): error TS2304: Cannot find name 'jest'.
src/lib/services/__tests__/result.service.test.ts(50,23): error TS2503: Cannot find namespace 'jest'.
src/lib/services/__tests__/result.service.test.ts(53,3): error TS2582: Cannot find name 'describe'. Do you need to install type definitions for a test runner? Try `npm i --save-dev @types/jest` or `npm i --save-dev @types/mocha`.
src/lib/services/__tests__/result.service.test.ts(54,5): error TS2582: Cannot find name 'test'. Do you need to install type definitions for a test runner? Try `npm i --save-dev @types/jest` or `npm i --save-dev @types/mocha`.
src/lib/services/__tests__/result.service.test.ts(96,7): error TS2304: Cannot find name 'expect'.
src/lib/services/__tests__/result.service.test.ts(97,7): error TS2304: Cannot find name 'expect'.
src/lib/services/__tests__/result.service.test.ts(100,5): error TS2582: Cannot find name 'test'. Do you need to install type definitions for a test runner? Try `npm i --save-dev @types/jest` or `npm i --save-dev @types/mocha`.
src/lib/services/__tests__/result.service.test.ts(137,7): error TS2304: Cannot find name 'expect'.
src/lib/services/__tests__/result.service.test.ts(140,5): error TS2582: Cannot find name 'test'. Do you need to install type definitions for a test runner? Try `npm i --save-dev @types/jest` or `npm i --save-dev @types/mocha`.
src/lib/services/__tests__/result.service.test.ts(167,7): error TS2304: Cannot find name 'expect'.
src/lib/services/__tests__/result.service.test.ts(170,5): error TS2582: Cannot find name 'test'. Do you need to install type definitions for a test runner? Try `npm i --save-dev @types/jest` or `npm i --save-dev @types/mocha`.
src/lib/services/__tests__/result.service.test.ts(203,7): error TS2304: Cannot find name 'expect'.
src/lib/services/__tests__/result.service.test.ts(206,5): error TS2582: Cannot find name 'test'. Do you need to install type definitions for a test runner? Try `npm i --save-dev @types/jest` or `npm i --save-dev @types/mocha`.
src/lib/services/__tests__/result.service.test.ts(226,7): error TS2304: Cannot find name 'expect'.
src/lib/services/__tests__/result.service.test.ts(229,5): error TS2582: Cannot find name 'test'. Do you need to install type definitions for a test runner? Try `npm i --save-dev @types/jest` or `npm i --save-dev @types/mocha`.
src/lib/services/__tests__/result.service.test.ts(230,25): error TS2503: Cannot find namespace 'jest'.
src/lib/services/__tests__/result.service.test.ts(233,21): error TS2304: Cannot find name 'jest'.
src/lib/services/__tests__/result.service.test.ts(234,19): error TS2304: Cannot find name 'jest'.
src/lib/services/__tests__/result.service.test.ts(244,13): error TS2304: Cannot find name 'expect'.
src/lib/services/__tests__/result.service.test.ts(253,5): error TS2582: Cannot find name 'test'. Do you need to install type definitions for a test runner? Try `npm i --save-dev @types/jest` or `npm i --save-dev @types/mocha`.
src/lib/services/__tests__/result.service.test.ts(275,7): error TS2304: Cannot find name 'expect'.
src/lib/services/__tests__/result.service.test.ts(278,5): error TS2582: Cannot find name 'test'. Do you need to install type definitions for a test runner? Try `npm i --save-dev @types/jest` or `npm i --save-dev @types/mocha`.
src/lib/services/__tests__/result.service.test.ts(319,7): error TS2304: Cannot find name 'expect'.
src/lib/services/__tests__/result.service.test.ts(320,7): error TS2304: Cannot find name 'expect'.
src/lib/services/__tests__/result.service.test.ts(326,5): error TS2582: Cannot find name 'test'. Do you need to install type definitions for a test runner? Try `npm i --save-dev @types/jest` or `npm i --save-dev @types/mocha`.
src/lib/services/__tests__/result.service.test.ts(374,7): error TS2304: Cannot find name 'expect'.
src/lib/services/__tests__/result.service.test.ts(375,7): error TS2304: Cannot find name 'expect'.
src/lib/services/__tests__/result.service.test.ts(382,3): error TS2582: Cannot find name 'describe'. Do you need to install type definitions for a test runner? Try `npm i --save-dev @types/jest` or `npm i --save-dev @types/mocha`.
src/lib/services/__tests__/result.service.test.ts(383,5): error TS2582: Cannot find name 'test'. Do you need to install type definitions for a test runner? Try `npm i --save-dev @types/jest` or `npm i --save-dev @types/mocha`.
src/lib/services/__tests__/result.service.test.ts(391,25): error TS2503: Cannot find namespace 'jest'.
src/lib/services/__tests__/result.service.test.ts(392,17): error TS2304: Cannot find name 'jest'.
src/lib/services/__tests__/result.service.test.ts(393,15): error TS2304: Cannot find name 'jest'.
src/lib/services/__tests__/result.service.test.ts(394,21): error TS2304: Cannot find name 'jest'.
src/lib/services/__tests__/result.service.test.ts(400,7): error TS2304: Cannot find name 'expect'.
src/lib/services/__tests__/result.service.test.ts(403,5): error TS2582: Cannot find name 'test'. Do you need to install type definitions for a test runner? Try `npm i --save-dev @types/jest` or `npm i --save-dev @types/mocha`.
src/lib/services/__tests__/result.service.test.ts(404,25): error TS2503: Cannot find namespace 'jest'.
src/lib/services/__tests__/result.service.test.ts(405,17): error TS2304: Cannot find name 'jest'.
src/lib/services/__tests__/result.service.test.ts(406,15): error TS2304: Cannot find name 'jest'.
src/lib/services/__tests__/result.service.test.ts(407,21): error TS2304: Cannot find name 'jest'.
src/lib/services/__tests__/result.service.test.ts(413,7): error TS2304: Cannot find name 'expect'.
src/lib/services/__tests__/session.service.test.ts(4,1): error TS2304: Cannot find name 'jest'.
src/lib/services/__tests__/session.service.test.ts(6,11): error TS2304: Cannot find name 'jest'.
src/lib/services/__tests__/session.service.test.ts(10,1): error TS2582: Cannot find name 'describe'. Do you need to install type definitions for a test runner? Try `npm i --save-dev @types/jest` or `npm i --save-dev @types/mocha`.
src/lib/services/__tests__/session.service.test.ts(11,3): error TS2304: Cannot find name 'beforeEach'.
src/lib/services/__tests__/session.service.test.ts(12,5): error TS2304: Cannot find name 'jest'.
src/lib/services/__tests__/session.service.test.ts(15,3): error TS2582: Cannot find name 'test'. Do you need to install type definitions for a test runner? Try `npm i --save-dev @types/jest` or `npm i --save-dev @types/mocha`.
src/lib/services/__tests__/session.service.test.ts(27,23): error TS2503: Cannot find namespace 'jest'.
src/lib/services/__tests__/session.service.test.ts(28,15): error TS2304: Cannot find name 'jest'.
src/lib/services/__tests__/session.service.test.ts(29,17): error TS2304: Cannot find name 'jest'.
src/lib/services/__tests__/session.service.test.ts(30,19): error TS2304: Cannot find name 'jest'.
src/lib/services/__tests__/session.service.test.ts(37,5): error TS2304: Cannot find name 'expect'.
src/lib/services/__tests__/session.service.test.ts(38,5): error TS2304: Cannot find name 'expect'.
src/lib/services/__tests__/session.service.test.ts(39,5): error TS2304: Cannot find name 'expect'.
src/lib/services/__tests__/session.service.test.ts(40,5): error TS2304: Cannot find name 'expect'.
src/lib/services/__tests__/session.service.test.ts(41,5): error TS2304: Cannot find name 'expect'.
src/lib/services/__tests__/session.service.test.ts(44,3): error TS2582: Cannot find name 'test'. Do you need to install type definitions for a test runner? Try `npm i --save-dev @types/jest` or `npm i --save-dev @types/mocha`.
src/lib/services/__tests__/session.service.test.ts(53,23): error TS2503: Cannot find namespace 'jest'.
src/lib/services/__tests__/session.service.test.ts(54,15): error TS2304: Cannot find name 'jest'.
src/lib/services/__tests__/session.service.test.ts(55,13): error TS2304: Cannot find name 'jest'.
src/lib/services/__tests__/session.service.test.ts(56,19): error TS2304: Cannot find name 'jest'.
src/lib/services/__tests__/session.service.test.ts(63,5): error TS2304: Cannot find name 'expect'.
src/lib/services/__tests__/session.service.test.ts(64,5): error TS2304: Cannot find name 'expect'.
src/lib/services/__tests__/session.service.test.ts(65,5): error TS2304: Cannot find name 'expect'.
src/lib/services/__tests__/session.service.test.ts(68,3): error TS2582: Cannot find name 'test'. Do you need to install type definitions for a test runner? Try `npm i --save-dev @types/jest` or `npm i --save-dev @types/mocha`.
src/lib/services/__tests__/session.service.test.ts(76,23): error TS2503: Cannot find namespace 'jest'.
src/lib/services/__tests__/session.service.test.ts(77,15): error TS2304: Cannot find name 'jest'.
src/lib/services/__tests__/session.service.test.ts(78,13): error TS2304: Cannot find name 'jest'.
src/lib/services/__tests__/session.service.test.ts(79,19): error TS2304: Cannot find name 'jest'.
src/lib/services/__tests__/session.service.test.ts(86,5): error TS2304: Cannot find name 'expect'.
src/lib/services/__tests__/session.service.test.ts(89,3): error TS2582: Cannot find name 'test'. Do you need to install type definitions for a test runner? Try `npm i --save-dev @types/jest` or `npm i --save-dev @types/mocha`.
src/lib/services/__tests__/session.service.test.ts(90,23): error TS2503: Cannot find namespace 'jest'.
src/lib/services/__tests__/session.service.test.ts(91,15): error TS2304: Cannot find name 'jest'.
src/lib/services/__tests__/session.service.test.ts(92,13): error TS2304: Cannot find name 'jest'.
src/lib/services/__tests__/session.service.test.ts(93,19): error TS2304: Cannot find name 'jest'.
src/lib/services/__tests__/session.service.test.ts(100,5): error TS2304: Cannot find name 'expect'.
src/lib/services/__tests__/session.service.test.ts(103,3): error TS2582: Cannot find name 'test'. Do you need to install type definitions for a test runner? Try `npm i --save-dev @types/jest` or `npm i --save-dev @types/mocha`.
src/lib/services/__tests__/session.service.test.ts(113,23): error TS2503: Cannot find namespace 'jest'.
src/lib/services/__tests__/session.service.test.ts(114,15): error TS2304: Cannot find name 'jest'.
src/lib/services/__tests__/session.service.test.ts(115,17): error TS2304: Cannot find name 'jest'.
src/lib/services/__tests__/session.service.test.ts(116,19): error TS2304: Cannot find name 'jest'.
src/lib/services/__tests__/session.service.test.ts(125,5): error TS2304: Cannot find name 'expect'.
src/lib/stripe/subscription.service.ts(199,5): error TS2769: No overload matches this call.
  Overload 2 of 2, '(options?: RequestOptions | undefined): Promise<Response<SubscriptionSchedule>>', gave the following error.
    Object literal may only specify known properties, and 'customer' does not exist in type 'RequestOptions'.
tests/api/quiz-start.test.ts(14,1): error TS2304: Cannot find name 'jest'.
tests/api/quiz-start.test.ts(15,1): error TS2304: Cannot find name 'jest'.
tests/api/quiz-start.test.ts(16,1): error TS2304: Cannot find name 'jest'.
tests/api/quiz-start.test.ts(18,1): error TS2582: Cannot find name 'describe'. Do you need to install type definitions for a test runner? Try `npm i --save-dev @types/jest` or `npm i --save-dev @types/mocha`.
tests/api/quiz-start.test.ts(45,3): error TS2304: Cannot find name 'beforeEach'.
tests/api/quiz-start.test.ts(46,5): error TS2304: Cannot find name 'jest'.
tests/api/quiz-start.test.ts(49,3): error TS2582: Cannot find name 'test'. Do you need to install type definitions for a test runner? Try `npm i --save-dev @types/jest` or `npm i --save-dev @types/mocha`.
tests/api/quiz-start.test.ts(50,23): error TS2503: Cannot find namespace 'jest'.
tests/api/quiz-start.test.ts(51,30): error TS2503: Cannot find namespace 'jest'.
tests/api/quiz-start.test.ts(52,23): error TS2503: Cannot find namespace 'jest'.
tests/api/quiz-start.test.ts(53,26): error TS2503: Cannot find namespace 'jest'.
tests/api/quiz-start.test.ts(54,20): error TS2503: Cannot find namespace 'jest'.
tests/api/quiz-start.test.ts(65,5): error TS2304: Cannot find name 'expect'.
tests/api/quiz-start.test.ts(66,5): error TS2304: Cannot find name 'expect'.
tests/api/quiz-start.test.ts(67,5): error TS2304: Cannot find name 'expect'.
tests/api/quiz-start.test.ts(68,5): error TS2304: Cannot find name 'expect'.
tests/api/quiz-start.test.ts(69,5): error TS2304: Cannot find name 'expect'.
tests/api/quiz-start.test.ts(70,5): error TS2304: Cannot find name 'expect'.
tests/api/quiz-start.test.ts(73,3): error TS2582: Cannot find name 'test'. Do you need to install type definitions for a test runner? Try `npm i --save-dev @types/jest` or `npm i --save-dev @types/mocha`.
tests/api/quiz-start.test.ts(74,23): error TS2503: Cannot find namespace 'jest'.
tests/api/quiz-start.test.ts(75,30): error TS2503: Cannot find namespace 'jest'.
tests/api/quiz-start.test.ts(86,5): error TS2304: Cannot find name 'expect'.
tests/api/quiz-start.test.ts(87,5): error TS2304: Cannot find name 'expect'.
tests/api/quiz-start.test.ts(88,5): error TS2304: Cannot find name 'expect'.
tests/api/quiz-start.test.ts(91,3): error TS2582: Cannot find name 'test'. Do you need to install type definitions for a test runner? Try `npm i --save-dev @types/jest` or `npm i --save-dev @types/mocha`.
tests/api/quiz-start.test.ts(101,5): error TS2304: Cannot find name 'expect'.
tests/api/quiz-start.test.ts(102,5): error TS2304: Cannot find name 'expect'.
tests/api/quiz-start.test.ts(105,3): error TS2582: Cannot find name 'test'. Do you need to install type definitions for a test runner? Try `npm i --save-dev @types/jest` or `npm i --save-dev @types/mocha`.
tests/api/quiz-start.test.ts(108,23): error TS2503: Cannot find namespace 'jest'.
tests/api/quiz-start.test.ts(109,30): error TS2503: Cannot find namespace 'jest'.
tests/api/quiz-start.test.ts(110,20): error TS2503: Cannot find namespace 'jest'.
tests/api/quiz-start.test.ts(121,5): error TS2304: Cannot find name 'expect'.
tests/api/quiz-start.test.ts(122,5): error TS2304: Cannot find name 'expect'.
tests/api/quiz-start.test.ts(123,5): error TS2304: Cannot find name 'expect'.
tests/api/quiz-start.test.ts(126,3): error TS2582: Cannot find name 'test'. Do you need to install type definitions for a test runner? Try `npm i --save-dev @types/jest` or `npm i --save-dev @types/mocha`.
tests/api/quiz-start.test.ts(129,23): error TS2503: Cannot find namespace 'jest'.
tests/api/quiz-start.test.ts(130,30): error TS2503: Cannot find namespace 'jest'.
tests/api/quiz-start.test.ts(131,23): error TS2503: Cannot find namespace 'jest'.
tests/api/quiz-start.test.ts(132,26): error TS2503: Cannot find namespace 'jest'.
tests/api/quiz-start.test.ts(133,20): error TS2503: Cannot find namespace 'jest'.
tests/api/quiz-start.test.ts(144,5): error TS2304: Cannot find name 'expect'.
tests/api/quiz-start.test.ts(145,5): error TS2304: Cannot find name 'expect'.
tests/api/quiz-start.test.ts(148,3): error TS2582: Cannot find name 'test'. Do you need to install type definitions for a test runner? Try `npm i --save-dev @types/jest` or `npm i --save-dev @types/mocha`.
tests/api/quiz-start.test.ts(149,23): error TS2503: Cannot find namespace 'jest'.
tests/api/quiz-start.test.ts(150,30): error TS2503: Cannot find namespace 'jest'.
tests/api/quiz-start.test.ts(161,5): error TS2304: Cannot find name 'expect'.
tests/api/quiz-start.test.ts(162,5): error TS2304: Cannot find name 'expect'.
